2021-01-19 10:23:40  [ main:0 ] - [ DEBUG ]  Using Log4J as the default logging framework
2021-01-19 10:23:40  [ main:23 ] - [ DEBUG ]  -Dio.netty.eventLoopThreads: 8
2021-01-19 10:23:40  [ main:76 ] - [ DEBUG ]  -Dio.netty.threadLocalMap.stringBuilder.initialSize: 1024
2021-01-19 10:23:40  [ main:79 ] - [ DEBUG ]  -Dio.netty.threadLocalMap.stringBuilder.maxSize: 4096
2021-01-19 10:23:40  [ main:93 ] - [ DEBUG ]  -Dio.netty.noKeySetOptimization: false
2021-01-19 10:23:40  [ main:116 ] - [ DEBUG ]  -Dio.netty.selectorAutoRebuildThreshold: 512
2021-01-19 10:23:40  [ main:149 ] - [ DEBUG ]  Platform: Windows
2021-01-19 10:23:40  [ main:152 ] - [ DEBUG ]  -Dio.netty.noUnsafe: false
2021-01-19 10:23:40  [ main:153 ] - [ DEBUG ]  Java version: 8
2021-01-19 10:23:40  [ main:155 ] - [ DEBUG ]  sun.misc.Unsafe.theUnsafe: available
2021-01-19 10:23:40  [ main:157 ] - [ DEBUG ]  sun.misc.Unsafe.copyMemory: available
2021-01-19 10:23:40  [ main:158 ] - [ DEBUG ]  java.nio.Buffer.address: available
2021-01-19 10:23:40  [ main:159 ] - [ DEBUG ]  direct buffer constructor: available
2021-01-19 10:23:40  [ main:160 ] - [ DEBUG ]  java.nio.Bits.unaligned: available, true
2021-01-19 10:23:40  [ main:161 ] - [ DEBUG ]  jdk.internal.misc.Unsafe.allocateUninitializedArray(int): unavailable prior to Java9
2021-01-19 10:23:40  [ main:161 ] - [ DEBUG ]  java.nio.DirectByteBuffer.<init>(long, int): available
2021-01-19 10:23:40  [ main:163 ] - [ DEBUG ]  sun.misc.Unsafe: available
2021-01-19 10:23:40  [ main:165 ] - [ DEBUG ]  -Dio.netty.tmpdir: C:\Users\DINGCH~1\AppData\Local\Temp (java.io.tmpdir)
2021-01-19 10:23:40  [ main:166 ] - [ DEBUG ]  -Dio.netty.bitMode: 64 (sun.arch.data.model)
2021-01-19 10:23:40  [ main:169 ] - [ DEBUG ]  -Dio.netty.maxDirectMemory: 3786407936 bytes
2021-01-19 10:23:40  [ main:169 ] - [ DEBUG ]  -Dio.netty.uninitializedArrayAllocationThreshold: -1
2021-01-19 10:23:40  [ main:171 ] - [ DEBUG ]  java.nio.ByteBuffer.cleaner(): available
2021-01-19 10:23:40  [ main:172 ] - [ DEBUG ]  -Dio.netty.noPreferDirect: false
2021-01-19 10:23:40  [ main:201 ] - [ DEBUG ]  org.jctools-core.MpscChunkedArrayQueue: available
2021-01-19 10:23:41  [ main:1127 ] - [ DEBUG ]  -Dio.netty.processId: 56656 (auto-detected)
2021-01-19 10:23:41  [ main:1133 ] - [ DEBUG ]  -Djava.net.preferIPv4Stack: false
2021-01-19 10:23:41  [ main:1133 ] - [ DEBUG ]  -Djava.net.preferIPv6Addresses: false
2021-01-19 10:23:42  [ main:1845 ] - [ DEBUG ]  Loopback interface: lo (Software Loopback Interface 1, 127.0.0.1)
2021-01-19 10:23:42  [ main:1848 ] - [ DEBUG ]  Failed to get SOMAXCONN from sysctl and file \proc\sys\net\core\somaxconn. Default: 200
2021-01-19 10:23:43  [ main:2479 ] - [ DEBUG ]  -Dio.netty.machineId: 00:50:56:ff:fe:c0:00:08 (auto-detected)
2021-01-19 10:23:43  [ main:2497 ] - [ DEBUG ]  -Dio.netty.leakDetection.level: simple
2021-01-19 10:23:43  [ main:2497 ] - [ DEBUG ]  -Dio.netty.leakDetection.targetRecords: 4
2021-01-19 10:23:43  [ main:2535 ] - [ DEBUG ]  -Dio.netty.allocator.numHeapArenas: 8
2021-01-19 10:23:43  [ main:2536 ] - [ DEBUG ]  -Dio.netty.allocator.numDirectArenas: 8
2021-01-19 10:23:43  [ main:2536 ] - [ DEBUG ]  -Dio.netty.allocator.pageSize: 8192
2021-01-19 10:23:43  [ main:2536 ] - [ DEBUG ]  -Dio.netty.allocator.maxOrder: 11
2021-01-19 10:23:43  [ main:2537 ] - [ DEBUG ]  -Dio.netty.allocator.chunkSize: 16777216
2021-01-19 10:23:43  [ main:2537 ] - [ DEBUG ]  -Dio.netty.allocator.tinyCacheSize: 512
2021-01-19 10:23:43  [ main:2537 ] - [ DEBUG ]  -Dio.netty.allocator.smallCacheSize: 256
2021-01-19 10:23:43  [ main:2537 ] - [ DEBUG ]  -Dio.netty.allocator.normalCacheSize: 64
2021-01-19 10:23:43  [ main:2537 ] - [ DEBUG ]  -Dio.netty.allocator.maxCachedBufferCapacity: 32768
2021-01-19 10:23:43  [ main:2538 ] - [ DEBUG ]  -Dio.netty.allocator.cacheTrimInterval: 8192
2021-01-19 10:23:43  [ main:2538 ] - [ DEBUG ]  -Dio.netty.allocator.cacheTrimIntervalMillis: 0
2021-01-19 10:23:43  [ main:2538 ] - [ DEBUG ]  -Dio.netty.allocator.useCacheForAllThreads: true
2021-01-19 10:23:43  [ main:2542 ] - [ DEBUG ]  -Dio.netty.allocator.maxCachedByteBuffersPerChunk: 1023
2021-01-19 10:23:43  [ main:2555 ] - [ DEBUG ]  -Dio.netty.allocator.type: pooled
2021-01-19 10:23:43  [ main:2555 ] - [ DEBUG ]  -Dio.netty.threadLocalDirectBufferSize: 0
2021-01-19 10:23:43  [ main:2556 ] - [ DEBUG ]  -Dio.netty.maxThreadLocalCharBufferSize: 16384
